

Started GET "/snacks.json" for ::1 at 2016-04-07 19:16:42 -0400
  [1m[36mActiveRecord::SchemaMigration Load (0.9ms)[0m  [1mSELECT "schema_migrations".* FROM "schema_migrations"[0m
Processing by SnacksController#index as JSON
  [1m[35mSnack Load (30.1ms)[0m  SELECT "snacks".* FROM "snacks"
Completed 200 OK in 161ms (Views: 84.1ms | ActiveRecord: 38.1ms)


Started GET "/snacks.json" for ::1 at 2016-04-07 19:16:44 -0400
Processing by SnacksController#index as JSON
  [1m[36mSnack Load (1.1ms)[0m  [1mSELECT "snacks".* FROM "snacks"[0m
Completed 200 OK in 78ms (Views: 75.5ms | ActiveRecord: 1.1ms)


Started GET "/" for ::1 at 2016-04-07 19:16:46 -0400
Processing by SnacksController#index as HTML
  Rendered snacks/index.html.erb within layouts/application (4126.9ms)
Completed 200 OK in 4375ms (Views: 4374.6ms | ActiveRecord: 0.0ms)


Started GET "/assets/application.self-e80e8f2318043e8af94dddc2adad5a4f09739a8ebb323b3ab31cd71d45fd9113.css?body=1" for ::1 at 2016-04-07 19:16:50 -0400


Started GET "/assets/jquery.self-660adc51e0224b731d29f575a6f1ec167ba08ad06ed5deca4f1e8654c135bf4c.js?body=1" for ::1 at 2016-04-07 19:16:50 -0400


Started GET "/assets/application.self-377610cd7c1509e934744c810e3b4cf672dfbcacac3274e7d039827e2ae0fcc7.js?body=1" for ::1 at 2016-04-07 19:16:50 -0400


Started GET "/assets/jquery_ujs.self-e87806d0cf4489aeb1bb7288016024e8de67fd18db693fe026fe3907581e53cd.js?body=1" for ::1 at 2016-04-07 19:16:50 -0400


Started GET "/assets/bootstrap.self-e2e9efb468f010298bb3d99f80515d1887c2aab07b0409f23d95f3ef4d945ec9.css?body=1" for ::1 at 2016-04-07 19:16:50 -0400


Started GET "/assets/turbolinks.self-c37727e9bd6b2735da5c311aa83fead54ed0be6cc8bd9a65309e9c5abe2cbfff.js?body=1" for ::1 at 2016-04-07 19:16:50 -0400


Started GET "/assets/snacks.self-7c024f399f2659f97e00cfc07305e43a744d7ca0b740ac4df1d7a0904a5e588e.css?body=1" for ::1 at 2016-04-07 19:16:50 -0400


Started GET "/assets/angular.self-ec90f1bc6b0a1933fd10110a56f5146967f507e38fbbb985ba76b4c9af5bc83a.js?body=1" for ::1 at 2016-04-07 19:16:50 -0400


Started GET "/assets/angular-resource.self-87d2f7f8a7706590b6a7e2c8519f743502668ae05ae1ae5a059dd27cc5b4c47a.js?body=1" for ::1 at 2016-04-07 19:16:50 -0400


Started GET "/assets/angular-ui-router.self-81da2fb7c51437b78cbcdae9223a8b70113a647dcf038a9db13f2966ae597118.js?body=1" for ::1 at 2016-04-07 19:16:50 -0400


Started GET "/assets/snacks.self-2c18a80e1a18fa1f72b26e4a58733c0f659e3fb1c862fb1a7949e58baadb525c.js?body=1" for ::1 at 2016-04-07 19:16:50 -0400


Started GET "/javascripts/index-map.js" for ::1 at 2016-04-07 19:16:50 -0400

ActionController::RoutingError (No route matches [GET] "/javascripts/index-map.js"):
  actionpack (4.2.6) lib/action_dispatch/middleware/debug_exceptions.rb:21:in `call'
  web-console (2.3.0) lib/web_console/middleware.rb:28:in `block in call'
  web-console (2.3.0) lib/web_console/middleware.rb:18:in `catch'
  web-console (2.3.0) lib/web_console/middleware.rb:18:in `call'
  actionpack (4.2.6) lib/action_dispatch/middleware/show_exceptions.rb:30:in `call'
  railties (4.2.6) lib/rails/rack/logger.rb:38:in `call_app'
  railties (4.2.6) lib/rails/rack/logger.rb:20:in `block in call'
  activesupport (4.2.6) lib/active_support/tagged_logging.rb:68:in `block in tagged'
  activesupport (4.2.6) lib/active_support/tagged_logging.rb:26:in `tagged'
  activesupport (4.2.6) lib/active_support/tagged_logging.rb:68:in `tagged'
  railties (4.2.6) lib/rails/rack/logger.rb:20:in `call'
  actionpack (4.2.6) lib/action_dispatch/middleware/request_id.rb:21:in `call'
  rack (1.6.4) lib/rack/methodoverride.rb:22:in `call'
  rack (1.6.4) lib/rack/runtime.rb:18:in `call'
  activesupport (4.2.6) lib/active_support/cache/strategy/local_cache_middleware.rb:28:in `call'
  rack (1.6.4) lib/rack/lock.rb:17:in `call'
  actionpack (4.2.6) lib/action_dispatch/middleware/static.rb:120:in `call'
  rack (1.6.4) lib/rack/sendfile.rb:113:in `call'
  railties (4.2.6) lib/rails/engine.rb:518:in `call'
  railties (4.2.6) lib/rails/application.rb:165:in `call'
  rack (1.6.4) lib/rack/lock.rb:17:in `call'
  rack (1.6.4) lib/rack/content_length.rb:15:in `call'
  rack (1.6.4) lib/rack/handler/webrick.rb:88:in `service'
  /Users/Chibia/.rvm/rubies/ruby-2.2.3/lib/ruby/2.2.0/webrick/httpserver.rb:138:in `service'
  /Users/Chibia/.rvm/rubies/ruby-2.2.3/lib/ruby/2.2.0/webrick/httpserver.rb:94:in `run'
  /Users/Chibia/.rvm/rubies/ruby-2.2.3/lib/ruby/2.2.0/webrick/server.rb:294:in `block in start_thread'


  Rendered /Users/Chibia/.rvm/gems/ruby-2.2.3/gems/actionpack-4.2.6/lib/action_dispatch/middleware/templates/rescues/_trace.html.erb (2.7ms)
  Rendered /Users/Chibia/.rvm/gems/ruby-2.2.3/gems/actionpack-4.2.6/lib/action_dispatch/middleware/templates/routes/_route.html.erb (4.0ms)
  Rendered /Users/Chibia/.rvm/gems/ruby-2.2.3/gems/actionpack-4.2.6/lib/action_dispatch/middleware/templates/routes/_table.html.erb (26.3ms)
  Rendered /Users/Chibia/.rvm/gems/ruby-2.2.3/gems/actionpack-4.2.6/lib/action_dispatch/middleware/templates/rescues/_request_and_response.html.erb (2.9ms)
  Rendered /Users/Chibia/.rvm/gems/ruby-2.2.3/gems/actionpack-4.2.6/lib/action_dispatch/middleware/templates/rescues/routing_error.html.erb within rescues/layout (178.0ms)
  Rendered /Users/Chibia/.rvm/gems/ruby-2.2.3/gems/web-console-2.3.0/lib/web_console/templates/_markup.html.erb (1.9ms)
  Rendered /Users/Chibia/.rvm/gems/ruby-2.2.3/gems/web-console-2.3.0/lib/web_console/templates/_inner_console_markup.html.erb within layouts/inlined_string (0.4ms)
  Rendered /Users/Chibia/.rvm/gems/ruby-2.2.3/gems/web-console-2.3.0/lib/web_console/templates/_prompt_box_markup.html.erb within layouts/inlined_string (0.3ms)
  Rendered /Users/Chibia/.rvm/gems/ruby-2.2.3/gems/web-console-2.3.0/lib/web_console/templates/style.css.erb within layouts/inlined_string (0.5ms)
  Rendered /Users/Chibia/.rvm/gems/ruby-2.2.3/gems/web-console-2.3.0/lib/web_console/templates/console.js.erb within layouts/javascript (146.9ms)
  Rendered /Users/Chibia/.rvm/gems/ruby-2.2.3/gems/web-console-2.3.0/lib/web_console/templates/main.js.erb within layouts/javascript (1.8ms)
  Rendered /Users/Chibia/.rvm/gems/ruby-2.2.3/gems/web-console-2.3.0/lib/web_console/templates/error_page.js.erb within layouts/javascript (0.6ms)
  Rendered /Users/Chibia/.rvm/gems/ruby-2.2.3/gems/web-console-2.3.0/lib/web_console/templates/index.html.erb (276.3ms)


Started GET "/assets/bootstrap.css.map" for ::1 at 2016-04-07 19:16:51 -0400

ActionController::RoutingError (No route matches [GET] "/assets/bootstrap.css.map"):
  actionpack (4.2.6) lib/action_dispatch/middleware/debug_exceptions.rb:21:in `call'
  web-console (2.3.0) lib/web_console/middleware.rb:28:in `block in call'
  web-console (2.3.0) lib/web_console/middleware.rb:18:in `catch'
  web-console (2.3.0) lib/web_console/middleware.rb:18:in `call'
  actionpack (4.2.6) lib/action_dispatch/middleware/show_exceptions.rb:30:in `call'
  railties (4.2.6) lib/rails/rack/logger.rb:38:in `call_app'
  railties (4.2.6) lib/rails/rack/logger.rb:20:in `block in call'
  activesupport (4.2.6) lib/active_support/tagged_logging.rb:68:in `block in tagged'
  activesupport (4.2.6) lib/active_support/tagged_logging.rb:26:in `tagged'
  activesupport (4.2.6) lib/active_support/tagged_logging.rb:68:in `tagged'
  railties (4.2.6) lib/rails/rack/logger.rb:20:in `call'
  actionpack (4.2.6) lib/action_dispatch/middleware/request_id.rb:21:in `call'
  rack (1.6.4) lib/rack/methodoverride.rb:22:in `call'
  rack (1.6.4) lib/rack/runtime.rb:18:in `call'
  activesupport (4.2.6) lib/active_support/cache/strategy/local_cache_middleware.rb:28:in `call'
  rack (1.6.4) lib/rack/lock.rb:17:in `call'
  actionpack (4.2.6) lib/action_dispatch/middleware/static.rb:120:in `call'
  rack (1.6.4) lib/rack/sendfile.rb:113:in `call'
  railties (4.2.6) lib/rails/engine.rb:518:in `call'
  railties (4.2.6) lib/rails/application.rb:165:in `call'
  rack (1.6.4) lib/rack/lock.rb:17:in `call'
  rack (1.6.4) lib/rack/content_length.rb:15:in `call'
  rack (1.6.4) lib/rack/handler/webrick.rb:88:in `service'
  /Users/Chibia/.rvm/rubies/ruby-2.2.3/lib/ruby/2.2.0/webrick/httpserver.rb:138:in `service'
  /Users/Chibia/.rvm/rubies/ruby-2.2.3/lib/ruby/2.2.0/webrick/httpserver.rb:94:in `run'
  /Users/Chibia/.rvm/rubies/ruby-2.2.3/lib/ruby/2.2.0/webrick/server.rb:294:in `block in start_thread'


  Rendered /Users/Chibia/.rvm/gems/ruby-2.2.3/gems/actionpack-4.2.6/lib/action_dispatch/middleware/templates/rescues/_trace.html.erb (4.8ms)
  Rendered /Users/Chibia/.rvm/gems/ruby-2.2.3/gems/actionpack-4.2.6/lib/action_dispatch/middleware/templates/routes/_route.html.erb (3.1ms)
  Rendered /Users/Chibia/.rvm/gems/ruby-2.2.3/gems/actionpack-4.2.6/lib/action_dispatch/middleware/templates/routes/_table.html.erb (2.9ms)
  Rendered /Users/Chibia/.rvm/gems/ruby-2.2.3/gems/actionpack-4.2.6/lib/action_dispatch/middleware/templates/rescues/_request_and_response.html.erb (2.2ms)
  Rendered /Users/Chibia/.rvm/gems/ruby-2.2.3/gems/actionpack-4.2.6/lib/action_dispatch/middleware/templates/rescues/routing_error.html.erb within rescues/layout (161.9ms)
  Rendered /Users/Chibia/.rvm/gems/ruby-2.2.3/gems/web-console-2.3.0/lib/web_console/templates/_markup.html.erb (1.0ms)
  Rendered /Users/Chibia/.rvm/gems/ruby-2.2.3/gems/web-console-2.3.0/lib/web_console/templates/_inner_console_markup.html.erb within layouts/inlined_string (0.4ms)
  Rendered /Users/Chibia/.rvm/gems/ruby-2.2.3/gems/web-console-2.3.0/lib/web_console/templates/_prompt_box_markup.html.erb within layouts/inlined_string (0.3ms)
  Rendered /Users/Chibia/.rvm/gems/ruby-2.2.3/gems/web-console-2.3.0/lib/web_console/templates/style.css.erb within layouts/inlined_string (0.4ms)
  Rendered /Users/Chibia/.rvm/gems/ruby-2.2.3/gems/web-console-2.3.0/lib/web_console/templates/console.js.erb within layouts/javascript (78.8ms)
  Rendered /Users/Chibia/.rvm/gems/ruby-2.2.3/gems/web-console-2.3.0/lib/web_console/templates/main.js.erb within layouts/javascript (0.6ms)
  Rendered /Users/Chibia/.rvm/gems/ruby-2.2.3/gems/web-console-2.3.0/lib/web_console/templates/error_page.js.erb within layouts/javascript (0.5ms)
  Rendered /Users/Chibia/.rvm/gems/ruby-2.2.3/gems/web-console-2.3.0/lib/web_console/templates/index.html.erb (156.7ms)


Started GET "/snacks.json" for ::1 at 2016-04-07 19:16:52 -0400
Processing by SnacksController#index as JSON
  [1m[35mSnack Load (6.5ms)[0m  SELECT "snacks".* FROM "snacks"
Completed 200 OK in 94ms (Views: 85.9ms | ActiveRecord: 6.5ms)


Started GET "/snacks.json" for ::1 at 2016-04-07 19:16:52 -0400
Processing by SnacksController#index as JSON
  [1m[36mSnack Load (1.8ms)[0m  [1mSELECT "snacks".* FROM "snacks"[0m
Completed 200 OK in 103ms (Views: 99.9ms | ActiveRecord: 1.8ms)


Started GET "/snacks.json" for ::1 at 2016-04-07 19:16:52 -0400
Processing by SnacksController#index as JSON
  [1m[35mSnack Load (1.4ms)[0m  SELECT "snacks".* FROM "snacks"
Completed 200 OK in 72ms (Views: 69.8ms | ActiveRecord: 1.4ms)


Started POST "/snacks.json" for ::1 at 2016-04-07 19:17:03 -0400
Processing by SnacksController#create as JSON
  Parameters: {"name"=>"bsjak", "country"=>"c asm,", "snack"=>{"name"=>"bsjak", "country"=>"c asm,"}}
  [1m[36m (0.2ms)[0m  [1mBEGIN[0m
  [1m[35mSQL (8.9ms)[0m  INSERT INTO "snacks" ("name", "country", "created_at", "updated_at") VALUES ($1, $2, $3, $4) RETURNING "id"  [["name", "bsjak"], ["country", "c asm,"], ["created_at", "2016-04-07 23:17:03.758556"], ["updated_at", "2016-04-07 23:17:03.758556"]]
  [1m[36m (0.2ms)[0m  [1mROLLBACK[0m
Completed 500 Internal Server Error in 63ms (ActiveRecord: 9.9ms)

ActiveRecord::RecordNotUnique (PG::UniqueViolation: ERROR:  duplicate key value violates unique constraint "snacks_pkey"
DETAIL:  Key (id)=(6) already exists.
: INSERT INTO "snacks" ("name", "country", "created_at", "updated_at") VALUES ($1, $2, $3, $4) RETURNING "id"):
  app/controllers/snacks_controller.rb:23:in `create'


  Rendered /Users/Chibia/.rvm/gems/ruby-2.2.3/gems/actionpack-4.2.6/lib/action_dispatch/middleware/templates/rescues/_source.erb (11.1ms)
  Rendered /Users/Chibia/.rvm/gems/ruby-2.2.3/gems/actionpack-4.2.6/lib/action_dispatch/middleware/templates/rescues/_trace.html.erb (3.9ms)
  Rendered /Users/Chibia/.rvm/gems/ruby-2.2.3/gems/actionpack-4.2.6/lib/action_dispatch/middleware/templates/rescues/_request_and_response.html.erb (1.5ms)
  Rendered /Users/Chibia/.rvm/gems/ruby-2.2.3/gems/actionpack-4.2.6/lib/action_dispatch/middleware/templates/rescues/diagnostics.html.erb within rescues/layout (85.7ms)
  Rendered /Users/Chibia/.rvm/gems/ruby-2.2.3/gems/web-console-2.3.0/lib/web_console/templates/_markup.html.erb (0.7ms)
  Rendered /Users/Chibia/.rvm/gems/ruby-2.2.3/gems/web-console-2.3.0/lib/web_console/templates/_inner_console_markup.html.erb within layouts/inlined_string (0.5ms)
  Rendered /Users/Chibia/.rvm/gems/ruby-2.2.3/gems/web-console-2.3.0/lib/web_console/templates/_prompt_box_markup.html.erb within layouts/inlined_string (0.4ms)
  Rendered /Users/Chibia/.rvm/gems/ruby-2.2.3/gems/web-console-2.3.0/lib/web_console/templates/style.css.erb within layouts/inlined_string (0.3ms)
  Rendered /Users/Chibia/.rvm/gems/ruby-2.2.3/gems/web-console-2.3.0/lib/web_console/templates/console.js.erb within layouts/javascript (69.2ms)
  Rendered /Users/Chibia/.rvm/gems/ruby-2.2.3/gems/web-console-2.3.0/lib/web_console/templates/main.js.erb within layouts/javascript (0.4ms)
  Rendered /Users/Chibia/.rvm/gems/ruby-2.2.3/gems/web-console-2.3.0/lib/web_console/templates/error_page.js.erb within layouts/javascript (0.5ms)
  Rendered /Users/Chibia/.rvm/gems/ruby-2.2.3/gems/web-console-2.3.0/lib/web_console/templates/index.html.erb (156.2ms)


Started GET "/snacks.json" for ::1 at 2016-04-07 19:18:45 -0400
  [1m[36mActiveRecord::SchemaMigration Load (0.7ms)[0m  [1mSELECT "schema_migrations".* FROM "schema_migrations"[0m
Processing by SnacksController#index as JSON
  [1m[35mSnack Load (2.2ms)[0m  SELECT "snacks".* FROM "snacks"
Completed 200 OK in 131ms (Views: 90.1ms | ActiveRecord: 10.4ms)


Started GET "/snacks.json" for ::1 at 2016-04-07 19:18:46 -0400
Processing by SnacksController#index as JSON
  [1m[36mSnack Load (2.5ms)[0m  [1mSELECT "snacks".* FROM "snacks"[0m
Completed 200 OK in 63ms (Views: 59.8ms | ActiveRecord: 2.5ms)


Started GET "/" for ::1 at 2016-04-07 19:18:48 -0400
Processing by SnacksController#index as HTML
  Rendered snacks/index.html.erb within layouts/application (2181.3ms)
Completed 200 OK in 2390ms (Views: 2389.0ms | ActiveRecord: 0.0ms)


Started GET "/assets/application.self-e3aeec5fd5935b99828fb8f43ec8a1afd3aad7f84cc15ac5eafc65b5ad8ef866.css?body=1" for ::1 at 2016-04-07 19:18:51 -0400


Started GET "/assets/turbolinks.self-c37727e9bd6b2735da5c311aa83fead54ed0be6cc8bd9a65309e9c5abe2cbfff.js?body=1" for ::1 at 2016-04-07 19:18:51 -0400


Started GET "/assets/jquery.self-660adc51e0224b731d29f575a6f1ec167ba08ad06ed5deca4f1e8654c135bf4c.js?body=1" for ::1 at 2016-04-07 19:18:51 -0400


Started GET "/assets/jquery_ujs.self-e87806d0cf4489aeb1bb7288016024e8de67fd18db693fe026fe3907581e53cd.js?body=1" for ::1 at 2016-04-07 19:18:51 -0400


Started GET "/assets/bootstrap.self-598365399e6ae8f5a456a189663bac8ef9b8996ace38626328403f280fd63400.css?body=1" for ::1 at 2016-04-07 19:18:51 -0400


Started GET "/assets/application.self-377610cd7c1509e934744c810e3b4cf672dfbcacac3274e7d039827e2ae0fcc7.js?body=1" for ::1 at 2016-04-07 19:18:51 -0400


Started GET "/assets/snacks.self-0a3393de280b9bf28020c00fc7916bf87ed588a39b51a255a741ad2de12072b6.css?body=1" for ::1 at 2016-04-07 19:18:51 -0400


Started GET "/assets/angular.self-ec90f1bc6b0a1933fd10110a56f5146967f507e38fbbb985ba76b4c9af5bc83a.js?body=1" for ::1 at 2016-04-07 19:18:51 -0400


Started GET "/assets/angular-resource.self-87d2f7f8a7706590b6a7e2c8519f743502668ae05ae1ae5a059dd27cc5b4c47a.js?body=1" for ::1 at 2016-04-07 19:18:51 -0400


Started GET "/assets/angular-ui-router.self-81da2fb7c51437b78cbcdae9223a8b70113a647dcf038a9db13f2966ae597118.js?body=1" for ::1 at 2016-04-07 19:18:51 -0400


Started GET "/assets/snacks.self-4d6069582379c5ec9c12026bf22dc2318d8b0c2aa2ff0c2e3ba874a1083f4916.js?body=1" for ::1 at 2016-04-07 19:18:51 -0400


Started GET "/assets/bootstrap.css.map" for ::1 at 2016-04-07 19:18:51 -0400

ActionController::RoutingError (No route matches [GET] "/assets/bootstrap.css.map"):
  actionpack (4.2.6) lib/action_dispatch/middleware/debug_exceptions.rb:21:in `call'
  web-console (2.3.0) lib/web_console/middleware.rb:28:in `block in call'
  web-console (2.3.0) lib/web_console/middleware.rb:18:in `catch'
  web-console (2.3.0) lib/web_console/middleware.rb:18:in `call'
  actionpack (4.2.6) lib/action_dispatch/middleware/show_exceptions.rb:30:in `call'
  railties (4.2.6) lib/rails/rack/logger.rb:38:in `call_app'
  railties (4.2.6) lib/rails/rack/logger.rb:20:in `block in call'
  activesupport (4.2.6) lib/active_support/tagged_logging.rb:68:in `block in tagged'
  activesupport (4.2.6) lib/active_support/tagged_logging.rb:26:in `tagged'
  activesupport (4.2.6) lib/active_support/tagged_logging.rb:68:in `tagged'
  railties (4.2.6) lib/rails/rack/logger.rb:20:in `call'
  actionpack (4.2.6) lib/action_dispatch/middleware/request_id.rb:21:in `call'
  rack (1.6.4) lib/rack/methodoverride.rb:22:in `call'
  rack (1.6.4) lib/rack/runtime.rb:18:in `call'
  activesupport (4.2.6) lib/active_support/cache/strategy/local_cache_middleware.rb:28:in `call'
  rack (1.6.4) lib/rack/lock.rb:17:in `call'
  actionpack (4.2.6) lib/action_dispatch/middleware/static.rb:120:in `call'
  rack (1.6.4) lib/rack/sendfile.rb:113:in `call'
  railties (4.2.6) lib/rails/engine.rb:518:in `call'
  railties (4.2.6) lib/rails/application.rb:165:in `call'
  rack (1.6.4) lib/rack/lock.rb:17:in `call'
  rack (1.6.4) lib/rack/content_length.rb:15:in `call'
  rack (1.6.4) lib/rack/handler/webrick.rb:88:in `service'
  /Users/Chibia/.rvm/rubies/ruby-2.2.3/lib/ruby/2.2.0/webrick/httpserver.rb:138:in `service'
  /Users/Chibia/.rvm/rubies/ruby-2.2.3/lib/ruby/2.2.0/webrick/httpserver.rb:94:in `run'
  /Users/Chibia/.rvm/rubies/ruby-2.2.3/lib/ruby/2.2.0/webrick/server.rb:294:in `block in start_thread'


  Rendered /Users/Chibia/.rvm/gems/ruby-2.2.3/gems/actionpack-4.2.6/lib/action_dispatch/middleware/templates/rescues/_trace.html.erb (3.4ms)
  Rendered /Users/Chibia/.rvm/gems/ruby-2.2.3/gems/actionpack-4.2.6/lib/action_dispatch/middleware/templates/routes/_route.html.erb (3.5ms)
  Rendered /Users/Chibia/.rvm/gems/ruby-2.2.3/gems/actionpack-4.2.6/lib/action_dispatch/middleware/templates/routes/_table.html.erb (56.9ms)
  Rendered /Users/Chibia/.rvm/gems/ruby-2.2.3/gems/actionpack-4.2.6/lib/action_dispatch/middleware/templates/rescues/_request_and_response.html.erb (4.6ms)
  Rendered /Users/Chibia/.rvm/gems/ruby-2.2.3/gems/actionpack-4.2.6/lib/action_dispatch/middleware/templates/rescues/routing_error.html.erb within rescues/layout (291.6ms)
  Rendered /Users/Chibia/.rvm/gems/ruby-2.2.3/gems/web-console-2.3.0/lib/web_console/templates/_markup.html.erb (0.7ms)
  Rendered /Users/Chibia/.rvm/gems/ruby-2.2.3/gems/web-console-2.3.0/lib/web_console/templates/_inner_console_markup.html.erb within layouts/inlined_string (0.6ms)
  Rendered /Users/Chibia/.rvm/gems/ruby-2.2.3/gems/web-console-2.3.0/lib/web_console/templates/_prompt_box_markup.html.erb within layouts/inlined_string (0.4ms)
  Rendered /Users/Chibia/.rvm/gems/ruby-2.2.3/gems/web-console-2.3.0/lib/web_console/templates/style.css.erb within layouts/inlined_string (0.4ms)
  Rendered /Users/Chibia/.rvm/gems/ruby-2.2.3/gems/web-console-2.3.0/lib/web_console/templates/console.js.erb within layouts/javascript (167.6ms)
  Rendered /Users/Chibia/.rvm/gems/ruby-2.2.3/gems/web-console-2.3.0/lib/web_console/templates/main.js.erb within layouts/javascript (1.2ms)
  Rendered /Users/Chibia/.rvm/gems/ruby-2.2.3/gems/web-console-2.3.0/lib/web_console/templates/error_page.js.erb within layouts/javascript (0.6ms)
  Rendered /Users/Chibia/.rvm/gems/ruby-2.2.3/gems/web-console-2.3.0/lib/web_console/templates/index.html.erb (299.6ms)


Started GET "/snacks.json" for ::1 at 2016-04-07 19:18:52 -0400
Processing by SnacksController#index as JSON
  [1m[35mSnack Load (8.0ms)[0m  SELECT "snacks".* FROM "snacks"
Completed 200 OK in 78ms (Views: 67.7ms | ActiveRecord: 8.0ms)


Started GET "/snacks.json" for ::1 at 2016-04-07 19:18:52 -0400
Processing by SnacksController#index as JSON
  [1m[36mSnack Load (1.1ms)[0m  [1mSELECT "snacks".* FROM "snacks"[0m
Completed 200 OK in 47ms (Views: 44.7ms | ActiveRecord: 1.1ms)


Started GET "/snacks/%5Bobject%20Object%5D/comments" for ::1 at 2016-04-07 19:18:52 -0400
Processing by CommentsController#index as HTML
  Parameters: {"snack_id"=>"[object Object]"}
  [1m[35mComment Load (1.2ms)[0m  SELECT "comments".* FROM "comments"
Completed 200 OK in 49ms (Views: 0.2ms | ActiveRecord: 3.2ms)


Started GET "/" for ::1 at 2016-04-07 19:18:52 -0400
Processing by SnacksController#index as HTML
  Rendered snacks/index.html.erb within layouts/application (11.9ms)
Completed 200 OK in 36ms (Views: 35.0ms | ActiveRecord: 0.0ms)


Started GET "/snacks.json" for ::1 at 2016-04-07 19:18:58 -0400
Processing by SnacksController#index as JSON
  [1m[36mSnack Load (4.2ms)[0m  [1mSELECT "snacks".* FROM "snacks"[0m
Completed 200 OK in 72ms (Views: 66.3ms | ActiveRecord: 4.2ms)


Started GET "/snacks.json" for ::1 at 2016-04-07 19:18:58 -0400
Processing by SnacksController#index as JSON
  [1m[35mSnack Load (1.0ms)[0m  SELECT "snacks".* FROM "snacks"
Completed 200 OK in 49ms (Views: 47.3ms | ActiveRecord: 0.9ms)


Started GET "/snacks/3.json" for ::1 at 2016-04-07 19:19:03 -0400
Processing by SnacksController#show as JSON
  Parameters: {"id"=>"3"}
  [1m[36mSnack Load (0.9ms)[0m  [1mSELECT  "snacks".* FROM "snacks" WHERE "snacks"."id" = $1 LIMIT 1[0m  [["id", 3]]
Completed 200 OK in 48ms (Views: 0.2ms | ActiveRecord: 1.1ms)


Started GET "/snacks/%5Bobject%20Object%5D/comments" for ::1 at 2016-04-07 19:19:04 -0400
Processing by CommentsController#index as HTML
  Parameters: {"snack_id"=>"[object Object]"}
  [1m[35mComment Load (0.4ms)[0m  SELECT "comments".* FROM "comments"
Completed 200 OK in 2ms (Views: 0.2ms | ActiveRecord: 0.4ms)


Started GET "/" for ::1 at 2016-04-07 19:19:04 -0400
Processing by SnacksController#index as HTML
  Rendered snacks/index.html.erb within layouts/application (14.3ms)
Completed 200 OK in 37ms (Views: 36.1ms | ActiveRecord: 0.0ms)


Started GET "/snacks.json" for ::1 at 2016-04-07 19:19:06 -0400
Processing by SnacksController#index as JSON
  [1m[36mSnack Load (1.5ms)[0m  [1mSELECT "snacks".* FROM "snacks"[0m
Completed 200 OK in 64ms (Views: 61.2ms | ActiveRecord: 1.5ms)


Started GET "/snacks.json" for ::1 at 2016-04-07 19:19:06 -0400
Processing by SnacksController#index as JSON
  [1m[35mSnack Load (1.0ms)[0m  SELECT "snacks".* FROM "snacks"
Completed 200 OK in 45ms (Views: 43.0ms | ActiveRecord: 1.0ms)


Started GET "/snacks.json" for ::1 at 2016-04-07 19:19:06 -0400
Processing by SnacksController#index as JSON
  [1m[36mSnack Load (2.0ms)[0m  [1mSELECT "snacks".* FROM "snacks"[0m
Completed 200 OK in 73ms (Views: 67.0ms | ActiveRecord: 2.0ms)


Started GET "/snacks/%5Bobject%20Object%5D/comments" for ::1 at 2016-04-07 19:19:07 -0400
Processing by CommentsController#index as HTML
  Parameters: {"snack_id"=>"[object Object]"}
  [1m[35mComment Load (0.4ms)[0m  SELECT "comments".* FROM "comments"
Completed 200 OK in 2ms (Views: 0.1ms | ActiveRecord: 0.4ms)


Started GET "/" for ::1 at 2016-04-07 19:19:07 -0400
Processing by SnacksController#index as HTML
  Rendered snacks/index.html.erb within layouts/application (13.4ms)
Completed 200 OK in 43ms (Views: 42.4ms | ActiveRecord: 0.0ms)


Started GET "/snacks.json" for ::1 at 2016-04-07 19:19:09 -0400
Processing by SnacksController#index as JSON
  [1m[36mSnack Load (1.2ms)[0m  [1mSELECT "snacks".* FROM "snacks"[0m
Completed 200 OK in 65ms (Views: 62.5ms | ActiveRecord: 1.2ms)


Started GET "/snacks.json" for ::1 at 2016-04-07 19:19:09 -0400
Processing by SnacksController#index as JSON
  [1m[35mSnack Load (1.1ms)[0m  SELECT "snacks".* FROM "snacks"
Completed 200 OK in 49ms (Views: 47.4ms | ActiveRecord: 1.1ms)


Started GET "/" for ::1 at 2016-04-07 19:20:12 -0400
  [1m[36mActiveRecord::SchemaMigration Load (0.7ms)[0m  [1mSELECT "schema_migrations".* FROM "schema_migrations"[0m
Processing by SnacksController#index as HTML
  Rendered snacks/index.html.erb within layouts/application (1363.9ms)
Completed 200 OK in 1565ms (Views: 1537.5ms | ActiveRecord: 0.0ms)


Started GET "/assets/application.self-e3aeec5fd5935b99828fb8f43ec8a1afd3aad7f84cc15ac5eafc65b5ad8ef866.css?body=1" for ::1 at 2016-04-07 19:20:14 -0400


Started GET "/assets/turbolinks.self-c37727e9bd6b2735da5c311aa83fead54ed0be6cc8bd9a65309e9c5abe2cbfff.js?body=1" for ::1 at 2016-04-07 19:20:15 -0400


Started GET "/assets/jquery.self-660adc51e0224b731d29f575a6f1ec167ba08ad06ed5deca4f1e8654c135bf4c.js?body=1" for ::1 at 2016-04-07 19:20:15 -0400


Started GET "/assets/bootstrap.self-598365399e6ae8f5a456a189663bac8ef9b8996ace38626328403f280fd63400.css?body=1" for ::1 at 2016-04-07 19:20:15 -0400


Started GET "/assets/jquery_ujs.self-e87806d0cf4489aeb1bb7288016024e8de67fd18db693fe026fe3907581e53cd.js?body=1" for ::1 at 2016-04-07 19:20:15 -0400


Started GET "/assets/snacks.self-0a3393de280b9bf28020c00fc7916bf87ed588a39b51a255a741ad2de12072b6.css?body=1" for ::1 at 2016-04-07 19:20:15 -0400


Started GET "/assets/application.self-377610cd7c1509e934744c810e3b4cf672dfbcacac3274e7d039827e2ae0fcc7.js?body=1" for ::1 at 2016-04-07 19:20:15 -0400


Started GET "/assets/angular.self-ec90f1bc6b0a1933fd10110a56f5146967f507e38fbbb985ba76b4c9af5bc83a.js?body=1" for ::1 at 2016-04-07 19:20:15 -0400


Started GET "/assets/angular-resource.self-87d2f7f8a7706590b6a7e2c8519f743502668ae05ae1ae5a059dd27cc5b4c47a.js?body=1" for ::1 at 2016-04-07 19:20:15 -0400


Started GET "/assets/snacks.self-b156bc73facd639781f65daeb971f1ee31d208799494cff8e7ef11d538b8fb59.js?body=1" for ::1 at 2016-04-07 19:20:15 -0400


Started GET "/assets/angular-ui-router.self-81da2fb7c51437b78cbcdae9223a8b70113a647dcf038a9db13f2966ae597118.js?body=1" for ::1 at 2016-04-07 19:20:15 -0400


Started GET "/assets/bootstrap.css.map" for ::1 at 2016-04-07 19:20:15 -0400

ActionController::RoutingError (No route matches [GET] "/assets/bootstrap.css.map"):
  actionpack (4.2.6) lib/action_dispatch/middleware/debug_exceptions.rb:21:in `call'
  web-console (2.3.0) lib/web_console/middleware.rb:28:in `block in call'
  web-console (2.3.0) lib/web_console/middleware.rb:18:in `catch'
  web-console (2.3.0) lib/web_console/middleware.rb:18:in `call'
  actionpack (4.2.6) lib/action_dispatch/middleware/show_exceptions.rb:30:in `call'
  railties (4.2.6) lib/rails/rack/logger.rb:38:in `call_app'
  railties (4.2.6) lib/rails/rack/logger.rb:20:in `block in call'
  activesupport (4.2.6) lib/active_support/tagged_logging.rb:68:in `block in tagged'
  activesupport (4.2.6) lib/active_support/tagged_logging.rb:26:in `tagged'
  activesupport (4.2.6) lib/active_support/tagged_logging.rb:68:in `tagged'
  railties (4.2.6) lib/rails/rack/logger.rb:20:in `call'
  actionpack (4.2.6) lib/action_dispatch/middleware/request_id.rb:21:in `call'
  rack (1.6.4) lib/rack/methodoverride.rb:22:in `call'
  rack (1.6.4) lib/rack/runtime.rb:18:in `call'
  activesupport (4.2.6) lib/active_support/cache/strategy/local_cache_middleware.rb:28:in `call'
  rack (1.6.4) lib/rack/lock.rb:17:in `call'
  actionpack (4.2.6) lib/action_dispatch/middleware/static.rb:120:in `call'
  rack (1.6.4) lib/rack/sendfile.rb:113:in `call'
  railties (4.2.6) lib/rails/engine.rb:518:in `call'
  railties (4.2.6) lib/rails/application.rb:165:in `call'
  rack (1.6.4) lib/rack/lock.rb:17:in `call'
  rack (1.6.4) lib/rack/content_length.rb:15:in `call'
  rack (1.6.4) lib/rack/handler/webrick.rb:88:in `service'
  /Users/Chibia/.rvm/rubies/ruby-2.2.3/lib/ruby/2.2.0/webrick/httpserver.rb:138:in `service'
  /Users/Chibia/.rvm/rubies/ruby-2.2.3/lib/ruby/2.2.0/webrick/httpserver.rb:94:in `run'
  /Users/Chibia/.rvm/rubies/ruby-2.2.3/lib/ruby/2.2.0/webrick/server.rb:294:in `block in start_thread'


  Rendered /Users/Chibia/.rvm/gems/ruby-2.2.3/gems/actionpack-4.2.6/lib/action_dispatch/middleware/templates/rescues/_trace.html.erb (2.9ms)
  Rendered /Users/Chibia/.rvm/gems/ruby-2.2.3/gems/actionpack-4.2.6/lib/action_dispatch/middleware/templates/routes/_route.html.erb (1.9ms)
  Rendered /Users/Chibia/.rvm/gems/ruby-2.2.3/gems/actionpack-4.2.6/lib/action_dispatch/middleware/templates/routes/_table.html.erb (19.5ms)
  Rendered /Users/Chibia/.rvm/gems/ruby-2.2.3/gems/actionpack-4.2.6/lib/action_dispatch/middleware/templates/rescues/_request_and_response.html.erb (2.8ms)
  Rendered /Users/Chibia/.rvm/gems/ruby-2.2.3/gems/actionpack-4.2.6/lib/action_dispatch/middleware/templates/rescues/routing_error.html.erb within rescues/layout (162.3ms)
  Rendered /Users/Chibia/.rvm/gems/ruby-2.2.3/gems/web-console-2.3.0/lib/web_console/templates/_markup.html.erb (0.5ms)
  Rendered /Users/Chibia/.rvm/gems/ruby-2.2.3/gems/web-console-2.3.0/lib/web_console/templates/_inner_console_markup.html.erb within layouts/inlined_string (0.7ms)
  Rendered /Users/Chibia/.rvm/gems/ruby-2.2.3/gems/web-console-2.3.0/lib/web_console/templates/_prompt_box_markup.html.erb within layouts/inlined_string (0.4ms)
  Rendered /Users/Chibia/.rvm/gems/ruby-2.2.3/gems/web-console-2.3.0/lib/web_console/templates/style.css.erb within layouts/inlined_string (0.6ms)
  Rendered /Users/Chibia/.rvm/gems/ruby-2.2.3/gems/web-console-2.3.0/lib/web_console/templates/console.js.erb within layouts/javascript (153.8ms)
  Rendered /Users/Chibia/.rvm/gems/ruby-2.2.3/gems/web-console-2.3.0/lib/web_console/templates/main.js.erb within layouts/javascript (0.4ms)
  Rendered /Users/Chibia/.rvm/gems/ruby-2.2.3/gems/web-console-2.3.0/lib/web_console/templates/error_page.js.erb within layouts/javascript (0.8ms)
  Rendered /Users/Chibia/.rvm/gems/ruby-2.2.3/gems/web-console-2.3.0/lib/web_console/templates/index.html.erb (272.6ms)


Started GET "/snacks.json" for ::1 at 2016-04-07 19:20:16 -0400
Processing by SnacksController#index as JSON
  [1m[35mSnack Load (2.5ms)[0m  SELECT "snacks".* FROM "snacks"
Completed 200 OK in 179ms (Views: 139.9ms | ActiveRecord: 8.6ms)


Started GET "/snacks.json" for ::1 at 2016-04-07 19:20:16 -0400
Processing by SnacksController#index as JSON
  [1m[36mSnack Load (1.1ms)[0m  [1mSELECT "snacks".* FROM "snacks"[0m
Completed 200 OK in 70ms (Views: 68.0ms | ActiveRecord: 1.1ms)


Started GET "/snacks.json" for ::1 at 2016-04-07 19:20:17 -0400
Processing by SnacksController#index as JSON
  [1m[35mSnack Load (2.3ms)[0m  SELECT "snacks".* FROM "snacks"
Completed 200 OK in 62ms (Views: 58.6ms | ActiveRecord: 2.3ms)


Started GET "/snacks.json" for ::1 at 2016-04-07 19:20:17 -0400
Processing by SnacksController#index as JSON
  [1m[36mSnack Load (2.4ms)[0m  [1mSELECT "snacks".* FROM "snacks"[0m
Completed 200 OK in 85ms (Views: 81.3ms | ActiveRecord: 2.4ms)


Started GET "/" for ::1 at 2016-04-07 19:22:07 -0400
  [1m[36mActiveRecord::SchemaMigration Load (0.7ms)[0m  [1mSELECT "schema_migrations".* FROM "schema_migrations"[0m
Processing by SnacksController#index as HTML
  Rendered snacks/index.html.erb within layouts/application (1309.4ms)
Completed 200 OK in 1507ms (Views: 1479.0ms | ActiveRecord: 0.0ms)


Started GET "/assets/bootstrap.self-e2e9efb468f010298bb3d99f80515d1887c2aab07b0409f23d95f3ef4d945ec9.css?body=1" for ::1 at 2016-04-07 19:22:09 -0400


Started GET "/assets/application.self-e80e8f2318043e8af94dddc2adad5a4f09739a8ebb323b3ab31cd71d45fd9113.css?body=1" for ::1 at 2016-04-07 19:22:09 -0400


Started GET "/assets/turbolinks.self-c37727e9bd6b2735da5c311aa83fead54ed0be6cc8bd9a65309e9c5abe2cbfff.js?body=1" for ::1 at 2016-04-07 19:22:09 -0400


Started GET "/assets/jquery_ujs.self-e87806d0cf4489aeb1bb7288016024e8de67fd18db693fe026fe3907581e53cd.js?body=1" for ::1 at 2016-04-07 19:22:09 -0400


Started GET "/assets/jquery.self-660adc51e0224b731d29f575a6f1ec167ba08ad06ed5deca4f1e8654c135bf4c.js?body=1" for ::1 at 2016-04-07 19:22:09 -0400


Started GET "/assets/application.self-377610cd7c1509e934744c810e3b4cf672dfbcacac3274e7d039827e2ae0fcc7.js?body=1" for ::1 at 2016-04-07 19:22:09 -0400


Started GET "/assets/snacks.self-cf945bbdaba880ee33031f2775f6de40426dedb5d888fcc1597f4e02a33699bb.css?body=1" for ::1 at 2016-04-07 19:22:09 -0400


Started GET "/assets/angular.self-ec90f1bc6b0a1933fd10110a56f5146967f507e38fbbb985ba76b4c9af5bc83a.js?body=1" for ::1 at 2016-04-07 19:22:09 -0400


Started GET "/assets/angular-resource.self-87d2f7f8a7706590b6a7e2c8519f743502668ae05ae1ae5a059dd27cc5b4c47a.js?body=1" for ::1 at 2016-04-07 19:22:09 -0400


Started GET "/assets/angular-ui-router.self-81da2fb7c51437b78cbcdae9223a8b70113a647dcf038a9db13f2966ae597118.js?body=1" for ::1 at 2016-04-07 19:22:09 -0400


Started GET "/assets/snacks.self-58fb2e273f1e34721335c76ac185219782f658a4ca1fe3b19cd9152fcc5cf3ba.js?body=1" for ::1 at 2016-04-07 19:22:09 -0400


Started GET "/javascripts/index-map.js" for ::1 at 2016-04-07 19:22:09 -0400

ActionController::RoutingError (No route matches [GET] "/javascripts/index-map.js"):
  actionpack (4.2.6) lib/action_dispatch/middleware/debug_exceptions.rb:21:in `call'
  web-console (2.3.0) lib/web_console/middleware.rb:28:in `block in call'
  web-console (2.3.0) lib/web_console/middleware.rb:18:in `catch'
  web-console (2.3.0) lib/web_console/middleware.rb:18:in `call'
  actionpack (4.2.6) lib/action_dispatch/middleware/show_exceptions.rb:30:in `call'
  railties (4.2.6) lib/rails/rack/logger.rb:38:in `call_app'
  railties (4.2.6) lib/rails/rack/logger.rb:20:in `block in call'
  activesupport (4.2.6) lib/active_support/tagged_logging.rb:68:in `block in tagged'
  activesupport (4.2.6) lib/active_support/tagged_logging.rb:26:in `tagged'
  activesupport (4.2.6) lib/active_support/tagged_logging.rb:68:in `tagged'
  railties (4.2.6) lib/rails/rack/logger.rb:20:in `call'
  actionpack (4.2.6) lib/action_dispatch/middleware/request_id.rb:21:in `call'
  rack (1.6.4) lib/rack/methodoverride.rb:22:in `call'
  rack (1.6.4) lib/rack/runtime.rb:18:in `call'
  activesupport (4.2.6) lib/active_support/cache/strategy/local_cache_middleware.rb:28:in `call'
  rack (1.6.4) lib/rack/lock.rb:17:in `call'
  actionpack (4.2.6) lib/action_dispatch/middleware/static.rb:120:in `call'
  rack (1.6.4) lib/rack/sendfile.rb:113:in `call'
  railties (4.2.6) lib/rails/engine.rb:518:in `call'
  railties (4.2.6) lib/rails/application.rb:165:in `call'
  rack (1.6.4) lib/rack/lock.rb:17:in `call'
  rack (1.6.4) lib/rack/content_length.rb:15:in `call'
  rack (1.6.4) lib/rack/handler/webrick.rb:88:in `service'
  /Users/Chibia/.rvm/rubies/ruby-2.2.3/lib/ruby/2.2.0/webrick/httpserver.rb:138:in `service'
  /Users/Chibia/.rvm/rubies/ruby-2.2.3/lib/ruby/2.2.0/webrick/httpserver.rb:94:in `run'
  /Users/Chibia/.rvm/rubies/ruby-2.2.3/lib/ruby/2.2.0/webrick/server.rb:294:in `block in start_thread'


  Rendered /Users/Chibia/.rvm/gems/ruby-2.2.3/gems/actionpack-4.2.6/lib/action_dispatch/middleware/templates/rescues/_trace.html.erb (1.9ms)
  Rendered /Users/Chibia/.rvm/gems/ruby-2.2.3/gems/actionpack-4.2.6/lib/action_dispatch/middleware/templates/routes/_route.html.erb (2.5ms)
  Rendered /Users/Chibia/.rvm/gems/ruby-2.2.3/gems/actionpack-4.2.6/lib/action_dispatch/middleware/templates/routes/_table.html.erb (30.6ms)
  Rendered /Users/Chibia/.rvm/gems/ruby-2.2.3/gems/actionpack-4.2.6/lib/action_dispatch/middleware/templates/rescues/_request_and_response.html.erb (1.7ms)
  Rendered /Users/Chibia/.rvm/gems/ruby-2.2.3/gems/actionpack-4.2.6/lib/action_dispatch/middleware/templates/rescues/routing_error.html.erb within rescues/layout (176.0ms)
  Rendered /Users/Chibia/.rvm/gems/ruby-2.2.3/gems/web-console-2.3.0/lib/web_console/templates/_markup.html.erb (0.6ms)
  Rendered /Users/Chibia/.rvm/gems/ruby-2.2.3/gems/web-console-2.3.0/lib/web_console/templates/_inner_console_markup.html.erb within layouts/inlined_string (0.4ms)
  Rendered /Users/Chibia/.rvm/gems/ruby-2.2.3/gems/web-console-2.3.0/lib/web_console/templates/_prompt_box_markup.html.erb within layouts/inlined_string (0.6ms)
  Rendered /Users/Chibia/.rvm/gems/ruby-2.2.3/gems/web-console-2.3.0/lib/web_console/templates/style.css.erb within layouts/inlined_string (0.7ms)
  Rendered /Users/Chibia/.rvm/gems/ruby-2.2.3/gems/web-console-2.3.0/lib/web_console/templates/console.js.erb within layouts/javascript (158.4ms)
  Rendered /Users/Chibia/.rvm/gems/ruby-2.2.3/gems/web-console-2.3.0/lib/web_console/templates/main.js.erb within layouts/javascript (0.7ms)
  Rendered /Users/Chibia/.rvm/gems/ruby-2.2.3/gems/web-console-2.3.0/lib/web_console/templates/error_page.js.erb within layouts/javascript (0.7ms)
  Rendered /Users/Chibia/.rvm/gems/ruby-2.2.3/gems/web-console-2.3.0/lib/web_console/templates/index.html.erb (258.3ms)


Started GET "/assets/bootstrap.css.map" for ::1 at 2016-04-07 19:22:10 -0400

ActionController::RoutingError (No route matches [GET] "/assets/bootstrap.css.map"):
  actionpack (4.2.6) lib/action_dispatch/middleware/debug_exceptions.rb:21:in `call'
  web-console (2.3.0) lib/web_console/middleware.rb:28:in `block in call'
  web-console (2.3.0) lib/web_console/middleware.rb:18:in `catch'
  web-console (2.3.0) lib/web_console/middleware.rb:18:in `call'
  actionpack (4.2.6) lib/action_dispatch/middleware/show_exceptions.rb:30:in `call'
  railties (4.2.6) lib/rails/rack/logger.rb:38:in `call_app'
  railties (4.2.6) lib/rails/rack/logger.rb:20:in `block in call'
  activesupport (4.2.6) lib/active_support/tagged_logging.rb:68:in `block in tagged'
  activesupport (4.2.6) lib/active_support/tagged_logging.rb:26:in `tagged'
  activesupport (4.2.6) lib/active_support/tagged_logging.rb:68:in `tagged'
  railties (4.2.6) lib/rails/rack/logger.rb:20:in `call'
  actionpack (4.2.6) lib/action_dispatch/middleware/request_id.rb:21:in `call'
  rack (1.6.4) lib/rack/methodoverride.rb:22:in `call'
  rack (1.6.4) lib/rack/runtime.rb:18:in `call'
  activesupport (4.2.6) lib/active_support/cache/strategy/local_cache_middleware.rb:28:in `call'
  rack (1.6.4) lib/rack/lock.rb:17:in `call'
  actionpack (4.2.6) lib/action_dispatch/middleware/static.rb:120:in `call'
  rack (1.6.4) lib/rack/sendfile.rb:113:in `call'
  railties (4.2.6) lib/rails/engine.rb:518:in `call'
  railties (4.2.6) lib/rails/application.rb:165:in `call'
  rack (1.6.4) lib/rack/lock.rb:17:in `call'
  rack (1.6.4) lib/rack/content_length.rb:15:in `call'
  rack (1.6.4) lib/rack/handler/webrick.rb:88:in `service'
  /Users/Chibia/.rvm/rubies/ruby-2.2.3/lib/ruby/2.2.0/webrick/httpserver.rb:138:in `service'
  /Users/Chibia/.rvm/rubies/ruby-2.2.3/lib/ruby/2.2.0/webrick/httpserver.rb:94:in `run'
  /Users/Chibia/.rvm/rubies/ruby-2.2.3/lib/ruby/2.2.0/webrick/server.rb:294:in `block in start_thread'


  Rendered /Users/Chibia/.rvm/gems/ruby-2.2.3/gems/actionpack-4.2.6/lib/action_dispatch/middleware/templates/rescues/_trace.html.erb (5.1ms)
  Rendered /Users/Chibia/.rvm/gems/ruby-2.2.3/gems/actionpack-4.2.6/lib/action_dispatch/middleware/templates/routes/_route.html.erb (6.7ms)
  Rendered /Users/Chibia/.rvm/gems/ruby-2.2.3/gems/actionpack-4.2.6/lib/action_dispatch/middleware/templates/routes/_table.html.erb (4.8ms)
  Rendered /Users/Chibia/.rvm/gems/ruby-2.2.3/gems/actionpack-4.2.6/lib/action_dispatch/middleware/templates/rescues/_request_and_response.html.erb (3.7ms)
  Rendered /Users/Chibia/.rvm/gems/ruby-2.2.3/gems/actionpack-4.2.6/lib/action_dispatch/middleware/templates/rescues/routing_error.html.erb within rescues/layout (189.4ms)
  Rendered /Users/Chibia/.rvm/gems/ruby-2.2.3/gems/web-console-2.3.0/lib/web_console/templates/_markup.html.erb (1.2ms)
  Rendered /Users/Chibia/.rvm/gems/ruby-2.2.3/gems/web-console-2.3.0/lib/web_console/templates/_inner_console_markup.html.erb within layouts/inlined_string (0.5ms)
  Rendered /Users/Chibia/.rvm/gems/ruby-2.2.3/gems/web-console-2.3.0/lib/web_console/templates/_prompt_box_markup.html.erb within layouts/inlined_string (1.3ms)
  Rendered /Users/Chibia/.rvm/gems/ruby-2.2.3/gems/web-console-2.3.0/lib/web_console/templates/style.css.erb within layouts/inlined_string (1.2ms)
  Rendered /Users/Chibia/.rvm/gems/ruby-2.2.3/gems/web-console-2.3.0/lib/web_console/templates/console.js.erb within layouts/javascript (87.7ms)
  Rendered /Users/Chibia/.rvm/gems/ruby-2.2.3/gems/web-console-2.3.0/lib/web_console/templates/main.js.erb within layouts/javascript (0.4ms)
  Rendered /Users/Chibia/.rvm/gems/ruby-2.2.3/gems/web-console-2.3.0/lib/web_console/templates/error_page.js.erb within layouts/javascript (0.6ms)
  Rendered /Users/Chibia/.rvm/gems/ruby-2.2.3/gems/web-console-2.3.0/lib/web_console/templates/index.html.erb (191.6ms)


Started GET "/snacks.json" for ::1 at 2016-04-07 19:22:11 -0400
Processing by SnacksController#index as JSON
  [1m[35mSnack Load (2.4ms)[0m  SELECT "snacks".* FROM "snacks"
Completed 200 OK in 153ms (Views: 104.2ms | ActiveRecord: 9.7ms)


Started GET "/snacks.json" for ::1 at 2016-04-07 19:22:11 -0400
Processing by SnacksController#index as JSON
  [1m[36mSnack Load (1.1ms)[0m  [1mSELECT "snacks".* FROM "snacks"[0m
Completed 200 OK in 73ms (Views: 71.1ms | ActiveRecord: 1.1ms)


Started GET "/snacks.json" for ::1 at 2016-04-07 19:22:11 -0400
Processing by SnacksController#index as JSON
  [1m[35mSnack Load (1.6ms)[0m  SELECT "snacks".* FROM "snacks"
Completed 200 OK in 74ms (Views: 71.6ms | ActiveRecord: 1.6ms)


Started POST "/snacks.json" for ::1 at 2016-04-07 19:22:24 -0400
Processing by SnacksController#create as JSON
  Parameters: {"name"=>"nmm", "country"=>"m", "snack"=>{"name"=>"nmm", "country"=>"m"}}
  [1m[36m (0.2ms)[0m  [1mBEGIN[0m
  [1m[35mSQL (9.7ms)[0m  INSERT INTO "snacks" ("name", "country", "created_at", "updated_at") VALUES ($1, $2, $3, $4) RETURNING "id"  [["name", "nmm"], ["country", "m"], ["created_at", "2016-04-07 23:22:24.055961"], ["updated_at", "2016-04-07 23:22:24.055961"]]
  [1m[36m (0.2ms)[0m  [1mROLLBACK[0m
Completed 500 Internal Server Error in 65ms (ActiveRecord: 10.6ms)

ActiveRecord::RecordNotUnique (PG::UniqueViolation: ERROR:  duplicate key value violates unique constraint "snacks_pkey"
DETAIL:  Key (id)=(7) already exists.
: INSERT INTO "snacks" ("name", "country", "created_at", "updated_at") VALUES ($1, $2, $3, $4) RETURNING "id"):
  app/controllers/snacks_controller.rb:23:in `create'


  Rendered /Users/Chibia/.rvm/gems/ruby-2.2.3/gems/actionpack-4.2.6/lib/action_dispatch/middleware/templates/rescues/_source.erb (16.2ms)
  Rendered /Users/Chibia/.rvm/gems/ruby-2.2.3/gems/actionpack-4.2.6/lib/action_dispatch/middleware/templates/rescues/_trace.html.erb (4.2ms)
  Rendered /Users/Chibia/.rvm/gems/ruby-2.2.3/gems/actionpack-4.2.6/lib/action_dispatch/middleware/templates/rescues/_request_and_response.html.erb (1.4ms)
  Rendered /Users/Chibia/.rvm/gems/ruby-2.2.3/gems/actionpack-4.2.6/lib/action_dispatch/middleware/templates/rescues/diagnostics.html.erb within rescues/layout (84.5ms)
  Rendered /Users/Chibia/.rvm/gems/ruby-2.2.3/gems/web-console-2.3.0/lib/web_console/templates/_markup.html.erb (0.5ms)
  Rendered /Users/Chibia/.rvm/gems/ruby-2.2.3/gems/web-console-2.3.0/lib/web_console/templates/_inner_console_markup.html.erb within layouts/inlined_string (0.5ms)
  Rendered /Users/Chibia/.rvm/gems/ruby-2.2.3/gems/web-console-2.3.0/lib/web_console/templates/_prompt_box_markup.html.erb within layouts/inlined_string (0.3ms)
  Rendered /Users/Chibia/.rvm/gems/ruby-2.2.3/gems/web-console-2.3.0/lib/web_console/templates/style.css.erb within layouts/inlined_string (0.4ms)
  Rendered /Users/Chibia/.rvm/gems/ruby-2.2.3/gems/web-console-2.3.0/lib/web_console/templates/console.js.erb within layouts/javascript (77.3ms)
  Rendered /Users/Chibia/.rvm/gems/ruby-2.2.3/gems/web-console-2.3.0/lib/web_console/templates/main.js.erb within layouts/javascript (0.3ms)
  Rendered /Users/Chibia/.rvm/gems/ruby-2.2.3/gems/web-console-2.3.0/lib/web_console/templates/error_page.js.erb within layouts/javascript (0.6ms)
  Rendered /Users/Chibia/.rvm/gems/ruby-2.2.3/gems/web-console-2.3.0/lib/web_console/templates/index.html.erb (167.7ms)


Started GET "/snacks.json" for ::1 at 2016-04-07 19:24:22 -0400
  [1m[36mActiveRecord::SchemaMigration Load (1.1ms)[0m  [1mSELECT "schema_migrations".* FROM "schema_migrations"[0m
Processing by SnacksController#index as JSON
  [1m[35mSnack Load (2.4ms)[0m  SELECT "snacks".* FROM "snacks"
Completed 200 OK in 139ms (Views: 87.2ms | ActiveRecord: 10.2ms)


Started GET "/snacks.json" for ::1 at 2016-04-07 19:24:23 -0400
Processing by SnacksController#index as JSON
  [1m[36mSnack Load (1.6ms)[0m  [1mSELECT "snacks".* FROM "snacks"[0m
Completed 200 OK in 104ms (Views: 101.2ms | ActiveRecord: 1.6ms)


Started GET "/" for ::1 at 2016-04-07 19:24:26 -0400
Processing by SnacksController#index as HTML
  Rendered snacks/index.html.erb within layouts/application (538.7ms)
Completed 200 OK in 757ms (Views: 755.7ms | ActiveRecord: 0.0ms)


Started GET "/assets/bootstrap.self-e2e9efb468f010298bb3d99f80515d1887c2aab07b0409f23d95f3ef4d945ec9.css?body=1" for ::1 at 2016-04-07 19:24:26 -0400


Started GET "/assets/application.self-e80e8f2318043e8af94dddc2adad5a4f09739a8ebb323b3ab31cd71d45fd9113.css?body=1" for ::1 at 2016-04-07 19:24:26 -0400


Started GET "/assets/application.self-377610cd7c1509e934744c810e3b4cf672dfbcacac3274e7d039827e2ae0fcc7.js?body=1" for ::1 at 2016-04-07 19:24:26 -0400


Started GET "/assets/snacks.self-7c024f399f2659f97e00cfc07305e43a744d7ca0b740ac4df1d7a0904a5e588e.css?body=1" for ::1 at 2016-04-07 19:24:26 -0400


Started GET "/assets/jquery_ujs.self-e87806d0cf4489aeb1bb7288016024e8de67fd18db693fe026fe3907581e53cd.js?body=1" for ::1 at 2016-04-07 19:24:26 -0400


Started GET "/assets/jquery.self-660adc51e0224b731d29f575a6f1ec167ba08ad06ed5deca4f1e8654c135bf4c.js?body=1" for ::1 at 2016-04-07 19:24:27 -0400


Started GET "/assets/turbolinks.self-c37727e9bd6b2735da5c311aa83fead54ed0be6cc8bd9a65309e9c5abe2cbfff.js?body=1" for ::1 at 2016-04-07 19:24:27 -0400


Started GET "/assets/angular-resource.self-87d2f7f8a7706590b6a7e2c8519f743502668ae05ae1ae5a059dd27cc5b4c47a.js?body=1" for ::1 at 2016-04-07 19:24:27 -0400


Started GET "/assets/angular.self-ec90f1bc6b0a1933fd10110a56f5146967f507e38fbbb985ba76b4c9af5bc83a.js?body=1" for ::1 at 2016-04-07 19:24:27 -0400


Started GET "/assets/angular-ui-router.self-81da2fb7c51437b78cbcdae9223a8b70113a647dcf038a9db13f2966ae597118.js?body=1" for ::1 at 2016-04-07 19:24:27 -0400


Started GET "/assets/snacks.self-2c18a80e1a18fa1f72b26e4a58733c0f659e3fb1c862fb1a7949e58baadb525c.js?body=1" for ::1 at 2016-04-07 19:24:27 -0400


Started GET "/javascripts/index-map.js" for ::1 at 2016-04-07 19:24:27 -0400

ActionController::RoutingError (No route matches [GET] "/javascripts/index-map.js"):
  actionpack (4.2.6) lib/action_dispatch/middleware/debug_exceptions.rb:21:in `call'
  web-console (2.3.0) lib/web_console/middleware.rb:28:in `block in call'
  web-console (2.3.0) lib/web_console/middleware.rb:18:in `catch'
  web-console (2.3.0) lib/web_console/middleware.rb:18:in `call'
  actionpack (4.2.6) lib/action_dispatch/middleware/show_exceptions.rb:30:in `call'
  railties (4.2.6) lib/rails/rack/logger.rb:38:in `call_app'
  railties (4.2.6) lib/rails/rack/logger.rb:20:in `block in call'
  activesupport (4.2.6) lib/active_support/tagged_logging.rb:68:in `block in tagged'
  activesupport (4.2.6) lib/active_support/tagged_logging.rb:26:in `tagged'
  activesupport (4.2.6) lib/active_support/tagged_logging.rb:68:in `tagged'
  railties (4.2.6) lib/rails/rack/logger.rb:20:in `call'
  actionpack (4.2.6) lib/action_dispatch/middleware/request_id.rb:21:in `call'
  rack (1.6.4) lib/rack/methodoverride.rb:22:in `call'
  rack (1.6.4) lib/rack/runtime.rb:18:in `call'
  activesupport (4.2.6) lib/active_support/cache/strategy/local_cache_middleware.rb:28:in `call'
  rack (1.6.4) lib/rack/lock.rb:17:in `call'
  actionpack (4.2.6) lib/action_dispatch/middleware/static.rb:120:in `call'
  rack (1.6.4) lib/rack/sendfile.rb:113:in `call'
  railties (4.2.6) lib/rails/engine.rb:518:in `call'
  railties (4.2.6) lib/rails/application.rb:165:in `call'
  rack (1.6.4) lib/rack/lock.rb:17:in `call'
  rack (1.6.4) lib/rack/content_length.rb:15:in `call'
  rack (1.6.4) lib/rack/handler/webrick.rb:88:in `service'
  /Users/Chibia/.rvm/rubies/ruby-2.2.3/lib/ruby/2.2.0/webrick/httpserver.rb:138:in `service'
  /Users/Chibia/.rvm/rubies/ruby-2.2.3/lib/ruby/2.2.0/webrick/httpserver.rb:94:in `run'
  /Users/Chibia/.rvm/rubies/ruby-2.2.3/lib/ruby/2.2.0/webrick/server.rb:294:in `block in start_thread'


  Rendered /Users/Chibia/.rvm/gems/ruby-2.2.3/gems/actionpack-4.2.6/lib/action_dispatch/middleware/templates/rescues/_trace.html.erb (5.3ms)
  Rendered /Users/Chibia/.rvm/gems/ruby-2.2.3/gems/actionpack-4.2.6/lib/action_dispatch/middleware/templates/routes/_route.html.erb (4.4ms)
  Rendered /Users/Chibia/.rvm/gems/ruby-2.2.3/gems/actionpack-4.2.6/lib/action_dispatch/middleware/templates/routes/_table.html.erb (34.9ms)
  Rendered /Users/Chibia/.rvm/gems/ruby-2.2.3/gems/actionpack-4.2.6/lib/action_dispatch/middleware/templates/rescues/_request_and_response.html.erb (2.9ms)
  Rendered /Users/Chibia/.rvm/gems/ruby-2.2.3/gems/actionpack-4.2.6/lib/action_dispatch/middleware/templates/rescues/routing_error.html.erb within rescues/layout (210.5ms)
  Rendered /Users/Chibia/.rvm/gems/ruby-2.2.3/gems/web-console-2.3.0/lib/web_console/templates/_markup.html.erb (0.9ms)
  Rendered /Users/Chibia/.rvm/gems/ruby-2.2.3/gems/web-console-2.3.0/lib/web_console/templates/_inner_console_markup.html.erb within layouts/inlined_string (1.2ms)
  Rendered /Users/Chibia/.rvm/gems/ruby-2.2.3/gems/web-console-2.3.0/lib/web_console/templates/_prompt_box_markup.html.erb within layouts/inlined_string (0.3ms)
  Rendered /Users/Chibia/.rvm/gems/ruby-2.2.3/gems/web-console-2.3.0/lib/web_console/templates/style.css.erb within layouts/inlined_string (0.7ms)
  Rendered /Users/Chibia/.rvm/gems/ruby-2.2.3/gems/web-console-2.3.0/lib/web_console/templates/console.js.erb within layouts/javascript (160.0ms)
  Rendered /Users/Chibia/.rvm/gems/ruby-2.2.3/gems/web-console-2.3.0/lib/web_console/templates/main.js.erb within layouts/javascript (0.3ms)
  Rendered /Users/Chibia/.rvm/gems/ruby-2.2.3/gems/web-console-2.3.0/lib/web_console/templates/error_page.js.erb within layouts/javascript (0.5ms)
  Rendered /Users/Chibia/.rvm/gems/ruby-2.2.3/gems/web-console-2.3.0/lib/web_console/templates/index.html.erb (247.2ms)


Started GET "/assets/bootstrap.css.map" for ::1 at 2016-04-07 19:24:27 -0400

ActionController::RoutingError (No route matches [GET] "/assets/bootstrap.css.map"):
  actionpack (4.2.6) lib/action_dispatch/middleware/debug_exceptions.rb:21:in `call'
  web-console (2.3.0) lib/web_console/middleware.rb:28:in `block in call'
  web-console (2.3.0) lib/web_console/middleware.rb:18:in `catch'
  web-console (2.3.0) lib/web_console/middleware.rb:18:in `call'
  actionpack (4.2.6) lib/action_dispatch/middleware/show_exceptions.rb:30:in `call'
  railties (4.2.6) lib/rails/rack/logger.rb:38:in `call_app'
  railties (4.2.6) lib/rails/rack/logger.rb:20:in `block in call'
  activesupport (4.2.6) lib/active_support/tagged_logging.rb:68:in `block in tagged'
  activesupport (4.2.6) lib/active_support/tagged_logging.rb:26:in `tagged'
  activesupport (4.2.6) lib/active_support/tagged_logging.rb:68:in `tagged'
  railties (4.2.6) lib/rails/rack/logger.rb:20:in `call'
  actionpack (4.2.6) lib/action_dispatch/middleware/request_id.rb:21:in `call'
  rack (1.6.4) lib/rack/methodoverride.rb:22:in `call'
  rack (1.6.4) lib/rack/runtime.rb:18:in `call'
  activesupport (4.2.6) lib/active_support/cache/strategy/local_cache_middleware.rb:28:in `call'
  rack (1.6.4) lib/rack/lock.rb:17:in `call'
  actionpack (4.2.6) lib/action_dispatch/middleware/static.rb:120:in `call'
  rack (1.6.4) lib/rack/sendfile.rb:113:in `call'
  railties (4.2.6) lib/rails/engine.rb:518:in `call'
  railties (4.2.6) lib/rails/application.rb:165:in `call'
  rack (1.6.4) lib/rack/lock.rb:17:in `call'
  rack (1.6.4) lib/rack/content_length.rb:15:in `call'
  rack (1.6.4) lib/rack/handler/webrick.rb:88:in `service'
  /Users/Chibia/.rvm/rubies/ruby-2.2.3/lib/ruby/2.2.0/webrick/httpserver.rb:138:in `service'
  /Users/Chibia/.rvm/rubies/ruby-2.2.3/lib/ruby/2.2.0/webrick/httpserver.rb:94:in `run'
  /Users/Chibia/.rvm/rubies/ruby-2.2.3/lib/ruby/2.2.0/webrick/server.rb:294:in `block in start_thread'


  Rendered /Users/Chibia/.rvm/gems/ruby-2.2.3/gems/actionpack-4.2.6/lib/action_dispatch/middleware/templates/rescues/_trace.html.erb (3.4ms)
  Rendered /Users/Chibia/.rvm/gems/ruby-2.2.3/gems/actionpack-4.2.6/lib/action_dispatch/middleware/templates/routes/_route.html.erb (4.3ms)
  Rendered /Users/Chibia/.rvm/gems/ruby-2.2.3/gems/actionpack-4.2.6/lib/action_dispatch/middleware/templates/routes/_table.html.erb (2.6ms)
  Rendered /Users/Chibia/.rvm/gems/ruby-2.2.3/gems/actionpack-4.2.6/lib/action_dispatch/middleware/templates/rescues/_request_and_response.html.erb (3.0ms)
  Rendered /Users/Chibia/.rvm/gems/ruby-2.2.3/gems/actionpack-4.2.6/lib/action_dispatch/middleware/templates/rescues/routing_error.html.erb within rescues/layout (194.4ms)
  Rendered /Users/Chibia/.rvm/gems/ruby-2.2.3/gems/web-console-2.3.0/lib/web_console/templates/_markup.html.erb (0.7ms)
  Rendered /Users/Chibia/.rvm/gems/ruby-2.2.3/gems/web-console-2.3.0/lib/web_console/templates/_inner_console_markup.html.erb within layouts/inlined_string (0.9ms)
  Rendered /Users/Chibia/.rvm/gems/ruby-2.2.3/gems/web-console-2.3.0/lib/web_console/templates/_prompt_box_markup.html.erb within layouts/inlined_string (0.5ms)
  Rendered /Users/Chibia/.rvm/gems/ruby-2.2.3/gems/web-console-2.3.0/lib/web_console/templates/style.css.erb within layouts/inlined_string (0.5ms)
  Rendered /Users/Chibia/.rvm/gems/ruby-2.2.3/gems/web-console-2.3.0/lib/web_console/templates/console.js.erb within layouts/javascript (77.0ms)
  Rendered /Users/Chibia/.rvm/gems/ruby-2.2.3/gems/web-console-2.3.0/lib/web_console/templates/main.js.erb within layouts/javascript (0.6ms)
  Rendered /Users/Chibia/.rvm/gems/ruby-2.2.3/gems/web-console-2.3.0/lib/web_console/templates/error_page.js.erb within layouts/javascript (0.8ms)
  Rendered /Users/Chibia/.rvm/gems/ruby-2.2.3/gems/web-console-2.3.0/lib/web_console/templates/index.html.erb (219.4ms)


Started GET "/snacks.json" for ::1 at 2016-04-07 19:24:28 -0400
Processing by SnacksController#index as JSON
  [1m[35mSnack Load (2.4ms)[0m  SELECT "snacks".* FROM "snacks"
Completed 200 OK in 117ms (Views: 112.8ms | ActiveRecord: 2.4ms)


Started GET "/snacks.json" for ::1 at 2016-04-07 19:24:28 -0400
Processing by SnacksController#index as JSON
  [1m[36mSnack Load (1.4ms)[0m  [1mSELECT "snacks".* FROM "snacks"[0m
Completed 200 OK in 113ms (Views: 110.6ms | ActiveRecord: 1.4ms)


Started GET "/snacks.json" for ::1 at 2016-04-07 19:24:28 -0400
Processing by SnacksController#index as JSON
  [1m[35mSnack Load (1.6ms)[0m  SELECT "snacks".* FROM "snacks"
Completed 200 OK in 93ms (Views: 90.0ms | ActiveRecord: 1.6ms)


Started POST "/snacks.json" for ::1 at 2016-04-07 19:24:39 -0400
Processing by SnacksController#create as JSON
  Parameters: {"name"=>"dsa", "country"=>"sa", "snack"=>{"name"=>"dsa", "country"=>"sa"}}
  [1m[36m (0.2ms)[0m  [1mBEGIN[0m
  [1m[35mSQL (31.5ms)[0m  INSERT INTO "snacks" ("name", "country", "created_at", "updated_at") VALUES ($1, $2, $3, $4) RETURNING "id"  [["name", "dsa"], ["country", "sa"], ["created_at", "2016-04-07 23:24:39.629957"], ["updated_at", "2016-04-07 23:24:39.629957"]]
  [1m[36m (0.2ms)[0m  [1mROLLBACK[0m
Completed 500 Internal Server Error in 86ms (ActiveRecord: 32.2ms)

ActiveRecord::RecordNotUnique (PG::UniqueViolation: ERROR:  duplicate key value violates unique constraint "snacks_pkey"
DETAIL:  Key (id)=(8) already exists.
: INSERT INTO "snacks" ("name", "country", "created_at", "updated_at") VALUES ($1, $2, $3, $4) RETURNING "id"):
  app/controllers/snacks_controller.rb:23:in `create'


  Rendered /Users/Chibia/.rvm/gems/ruby-2.2.3/gems/actionpack-4.2.6/lib/action_dispatch/middleware/templates/rescues/_source.erb (10.4ms)
  Rendered /Users/Chibia/.rvm/gems/ruby-2.2.3/gems/actionpack-4.2.6/lib/action_dispatch/middleware/templates/rescues/_trace.html.erb (4.2ms)
  Rendered /Users/Chibia/.rvm/gems/ruby-2.2.3/gems/actionpack-4.2.6/lib/action_dispatch/middleware/templates/rescues/_request_and_response.html.erb (1.4ms)
  Rendered /Users/Chibia/.rvm/gems/ruby-2.2.3/gems/actionpack-4.2.6/lib/action_dispatch/middleware/templates/rescues/diagnostics.html.erb within rescues/layout (87.9ms)
  Rendered /Users/Chibia/.rvm/gems/ruby-2.2.3/gems/web-console-2.3.0/lib/web_console/templates/_markup.html.erb (0.7ms)
  Rendered /Users/Chibia/.rvm/gems/ruby-2.2.3/gems/web-console-2.3.0/lib/web_console/templates/_inner_console_markup.html.erb within layouts/inlined_string (0.4ms)
  Rendered /Users/Chibia/.rvm/gems/ruby-2.2.3/gems/web-console-2.3.0/lib/web_console/templates/_prompt_box_markup.html.erb within layouts/inlined_string (0.4ms)
  Rendered /Users/Chibia/.rvm/gems/ruby-2.2.3/gems/web-console-2.3.0/lib/web_console/templates/style.css.erb within layouts/inlined_string (0.4ms)
  Rendered /Users/Chibia/.rvm/gems/ruby-2.2.3/gems/web-console-2.3.0/lib/web_console/templates/console.js.erb within layouts/javascript (72.5ms)
  Rendered /Users/Chibia/.rvm/gems/ruby-2.2.3/gems/web-console-2.3.0/lib/web_console/templates/main.js.erb within layouts/javascript (0.4ms)
  Rendered /Users/Chibia/.rvm/gems/ruby-2.2.3/gems/web-console-2.3.0/lib/web_console/templates/error_page.js.erb within layouts/javascript (0.7ms)
  Rendered /Users/Chibia/.rvm/gems/ruby-2.2.3/gems/web-console-2.3.0/lib/web_console/templates/index.html.erb (195.5ms)
